This is pdfTeX, Version 3.1415926-2.5-1.40.14 (TeX Live 2013/Debian) (format=pdflatex 2014.2.24)  11 MAY 2014 21:44
entering extended mode
 restricted \write18 enabled.
 %&-line parsing enabled.
**uCompPlugin_v8.tex
(./uCompPlugin_v8.tex
LaTeX2e <2011/06/27>
Babel <3.9f> and hyphenation patterns for 2 languages loaded.

! LaTeX Error: File `llncs.cls' not found.

Type X to quit or <RETURN> to proceed,
or enter new name. (Default extension: cls)

Enter file name: 
! Emergency stop.
<read *> 
         
l.20 ^^M
        
End of file on the terminal!

 
Here is how much of TeX's memory you used:
 10 strings out of 495031
 210 string characters out of 6181531
 45720 words of memory out of 5000000
 3315 multiletter control sequences out of 15000+600000
 3640 words of font info for 14 fonts, out of 8000000 for 9000
 14 hyphenation exceptions out of 8191
 10i,0n,7p,97b,8s stack positions out of 5000i,500n,10000p,200000b,80000s
!  ==> Fatal error occurred, no output PDF file produced!
