This is pdfTeX, Version 3.1415926-2.5-1.40.14 (TeX Live 2013/Debian) (format=pdflatex 2014.2.24)  25 OCT 2014 13:22
entering extended mode
 restricted \write18 enabled.
 %&-line parsing enabled.
**uCompPlugin_v34
(./uCompPlugin_v34.tex
LaTeX2e <2011/06/27>
Babel <3.9f> and hyphenation patterns for 2 languages loaded.
(./llncs.cls
Document Class: llncs 2013/09/27 v2.18 
 LaTeX document class for Lecture Notes in Computer Science
(/usr/share/texlive/texmf-dist/tex/latex/base/article.cls
Document Class: article 2007/10/19 v1.4h Standard LaTeX document class
(/usr/share/texlive/texmf-dist/tex/latex/base/size10.clo
File: size10.clo 2007/10/19 v1.4h Standard LaTeX file (size option)
)
\c@part=\count79
\c@section=\count80
\c@subsection=\count81
\c@subsubsection=\count82
\c@paragraph=\count83
\c@subparagraph=\count84
\c@figure=\count85
\c@table=\count86
\abovecaptionskip=\skip41
\belowcaptionskip=\skip42
\bibindent=\dimen102
)
(/usr/share/texlive/texmf-dist/tex/latex/tools/multicol.sty
Package: multicol 2011/06/27 v1.7a multicolumn formatting (FMi)
\c@tracingmulticols=\count87
\mult@box=\box26
\multicol@leftmargin=\dimen103
\c@unbalance=\count88
\c@collectmore=\count89
\doublecol@number=\count90
\multicoltolerance=\count91
\multicolpretolerance=\count92
\full@width=\dimen104
\page@free=\dimen105
\premulticols=\dimen106
\postmulticols=\dimen107
\multicolsep=\skip43
\multicolbaselineskip=\skip44
\partial@page=\box27
\last@line=\box28
\mult@rightbox=\box29
\mult@grightbox=\box30
\mult@gfirstbox=\box31
\mult@firstbox=\box32
\@tempa=\box33
\@tempa=\box34
\@tempa=\box35
\@tempa=\box36
\@tempa=\box37
\@tempa=\box38
\@tempa=\box39
\@tempa=\box40
\@tempa=\box41
\@tempa=\box42
\@tempa=\box43
\@tempa=\box44
\@tempa=\box45
\@tempa=\box46
\@tempa=\box47
\@tempa=\box48
\@tempa=\box49
\c@columnbadness=\count93
\c@finalcolumnbadness=\count94
\last@try=\dimen108
\multicolovershoot=\dimen109
\multicolundershoot=\dimen110
\mult@nat@firstbox=\box50
\colbreak@box=\box51
\multicol@sort@counter=\count95
)
(/usr/share/texlive/texmf-dist/tex/latex/oberdiek/aliascnt.sty
Package: aliascnt 2009/09/08 v1.3 Alias counters (HO)

(/usr/share/texlive/texmf-dist/tex/latex/carlisle/remreset.sty))
\c@chapter=\count96
LaTeX Font Info:    Redeclaring math symbol \Gamma on input line 362.
LaTeX Font Info:    Redeclaring math symbol \Delta on input line 363.
LaTeX Font Info:    Redeclaring math symbol \Theta on input line 364.
LaTeX Font Info:    Redeclaring math symbol \Lambda on input line 365.
LaTeX Font Info:    Redeclaring math symbol \Xi on input line 366.
LaTeX Font Info:    Redeclaring math symbol \Pi on input line 367.
LaTeX Font Info:    Redeclaring math symbol \Sigma on input line 368.
LaTeX Font Info:    Redeclaring math symbol \Upsilon on input line 369.
LaTeX Font Info:    Redeclaring math symbol \Phi on input line 370.
LaTeX Font Info:    Redeclaring math symbol \Psi on input line 371.
LaTeX Font Info:    Redeclaring math symbol \Omega on input line 372.
\tocchpnum=\dimen111
\tocsecnum=\dimen112
\tocsectotal=\dimen113
\tocsubsecnum=\dimen114
\tocsubsectotal=\dimen115
\tocsubsubsecnum=\dimen116
\tocsubsubsectotal=\dimen117
\tocparanum=\dimen118
\tocparatotal=\dimen119
\tocsubparanum=\dimen120
\@tempcntc=\count97
\fnindent=\dimen121
\c@@inst=\count98
\c@@auth=\count99
\c@auco=\count100
\instindent=\dimen122
\authrun=\box52
\authorrunning=\toks14
\tocauthor=\toks15
\titrun=\box53
\titlerunning=\toks16
\toctitle=\toks17
\c@theorem=\count101
\c@case=\count102
\c@conjecture=\count103
\c@corollary=\count104
\c@definition=\count105
\c@example=\count106
\c@exercise=\count107
\c@lemma=\count108
\c@note=\count109
\c@problem=\count110
\c@property=\count111
\c@proposition=\count112
\c@question=\count113
\c@solution=\count114
\c@remark=\count115
\headlineindent=\dimen123
)
(/usr/share/texlive/texmf-dist/tex/latex/amsfonts/amssymb.sty
Package: amssymb 2013/01/14 v3.01 AMS font symbols

(/usr/share/texlive/texmf-dist/tex/latex/amsfonts/amsfonts.sty
Package: amsfonts 2013/01/14 v3.01 Basic AMSFonts support
\@emptytoks=\toks18
\symAMSa=\mathgroup4
\symAMSb=\mathgroup5
LaTeX Font Info:    Overwriting math alphabet `\mathfrak' in version `bold'
(Font)                  U/euf/m/n --> U/euf/b/n on input line 106.
))
(/usr/share/texlive/texmf-dist/tex/latex/graphics/graphicx.sty
Package: graphicx 1999/02/16 v1.0f Enhanced LaTeX Graphics (DPC,SPQR)

(/usr/share/texlive/texmf-dist/tex/latex/graphics/keyval.sty
Package: keyval 1999/03/16 v1.13 key=value parser (DPC)
\KV@toks@=\toks19
)
(/usr/share/texlive/texmf-dist/tex/latex/graphics/graphics.sty
Package: graphics 2009/02/05 v1.0o Standard LaTeX Graphics (DPC,SPQR)

(/usr/share/texlive/texmf-dist/tex/latex/graphics/trig.sty
Package: trig 1999/03/16 v1.09 sin cos tan (DPC)
)
(/usr/share/texlive/texmf-dist/tex/latex/latexconfig/graphics.cfg
File: graphics.cfg 2010/04/23 v1.9 graphics configuration of TeX Live
)
Package graphics Info: Driver file: pdftex.def on input line 91.

(/usr/share/texlive/texmf-dist/tex/latex/pdftex-def/pdftex.def
File: pdftex.def 2011/05/27 v0.06d Graphics/color for pdfTeX

(/usr/share/texlive/texmf-dist/tex/generic/oberdiek/infwarerr.sty
Package: infwarerr 2010/04/08 v1.3 Providing info/warning/error messages (HO)
)
(/usr/share/texlive/texmf-dist/tex/generic/oberdiek/ltxcmds.sty
Package: ltxcmds 2011/11/09 v1.22 LaTeX kernel commands for general use (HO)
)
\Gread@gobject=\count116
))
\Gin@req@height=\dimen124
\Gin@req@width=\dimen125
)
(/usr/share/texlive/texmf-dist/tex/latex/rotating/rotating.sty
Package: rotating 2009/03/28 v2.16a rotated objects in LaTeX

(/usr/share/texlive/texmf-dist/tex/latex/base/ifthen.sty
Package: ifthen 2001/05/26 v1.1c Standard LaTeX ifthen package (DPC)
)
\c@r@tfl@t=\count117
\rotFPtop=\skip45
\rotFPbot=\skip46
\rot@float@box=\box54
\rot@mess@toks=\toks20
)
(/usr/share/texlive/texmf-dist/tex/latex/graphics/lscape.sty
Package: lscape 2000/10/22 v3.01 Landscape Pages (DPC)
)
(/usr/share/texlive/texmf-dist/tex/latex/url/url.sty
\Urlmuskip=\muskip10
Package: url 2006/04/12  ver 3.3  Verb mode for urls, etc.
) (./uCompPlugin_v34.aux

LaTeX Warning: Label `ss:crowdtasks' multiply defined.

)
\openout1 = `uCompPlugin_v34.aux'.

LaTeX Font Info:    Checking defaults for OML/cmm/m/it on input line 35.
LaTeX Font Info:    ... okay on input line 35.
LaTeX Font Info:    Checking defaults for T1/cmr/m/n on input line 35.
LaTeX Font Info:    ... okay on input line 35.
LaTeX Font Info:    Checking defaults for OT1/cmr/m/n on input line 35.
LaTeX Font Info:    ... okay on input line 35.
LaTeX Font Info:    Checking defaults for OMS/cmsy/m/n on input line 35.
LaTeX Font Info:    ... okay on input line 35.
LaTeX Font Info:    Checking defaults for OMX/cmex/m/n on input line 35.
LaTeX Font Info:    ... okay on input line 35.
LaTeX Font Info:    Checking defaults for U/cmr/m/n on input line 35.
LaTeX Font Info:    ... okay on input line 35.
 (/usr/share/texlive/texmf-dist/tex/context/base/supp-pdf.mkii
[Loading MPS to PDF converter (version 2006.09.02).]
\scratchcounter=\count118
\scratchdimen=\dimen126
\scratchbox=\box55
\nofMPsegments=\count119
\nofMParguments=\count120
\everyMPshowfont=\toks21
\MPscratchCnt=\count121
\MPscratchDim=\dimen127
\MPnumerator=\count122
\makeMPintoPDFobject=\count123
\everyMPtoPDFconversion=\toks22
) (/usr/share/texlive/texmf-dist/tex/generic/oberdiek/pdftexcmds.sty
Package: pdftexcmds 2011/11/29 v0.20 Utility functions of pdfTeX for LuaTeX (HO
)

(/usr/share/texlive/texmf-dist/tex/generic/oberdiek/ifluatex.sty
Package: ifluatex 2010/03/01 v1.3 Provides the ifluatex switch (HO)
Package ifluatex Info: LuaTeX not detected.
)
(/usr/share/texlive/texmf-dist/tex/generic/oberdiek/ifpdf.sty
Package: ifpdf 2011/01/30 v2.3 Provides the ifpdf switch (HO)
Package ifpdf Info: pdfTeX in PDF mode is detected.
)
Package pdftexcmds Info: LuaTeX not detected.
Package pdftexcmds Info: \pdf@primitive is available.
Package pdftexcmds Info: \pdf@ifprimitive is available.
Package pdftexcmds Info: \pdfdraftmode found.
)
(/usr/share/texlive/texmf-dist/tex/latex/oberdiek/epstopdf-base.sty
Package: epstopdf-base 2010/02/09 v2.5 Base part for package epstopdf

(/usr/share/texlive/texmf-dist/tex/latex/oberdiek/grfext.sty
Package: grfext 2010/08/19 v1.1 Manage graphics extensions (HO)

(/usr/share/texlive/texmf-dist/tex/generic/oberdiek/kvdefinekeys.sty
Package: kvdefinekeys 2011/04/07 v1.3 Define keys (HO)
))
(/usr/share/texlive/texmf-dist/tex/latex/oberdiek/kvoptions.sty
Package: kvoptions 2011/06/30 v3.11 Key value format for package options (HO)

(/usr/share/texlive/texmf-dist/tex/generic/oberdiek/kvsetkeys.sty
Package: kvsetkeys 2012/04/25 v1.16 Key value parser (HO)

(/usr/share/texlive/texmf-dist/tex/generic/oberdiek/etexcmds.sty
Package: etexcmds 2011/02/16 v1.5 Avoid name clashes with e-TeX commands (HO)
Package etexcmds Info: Could not find \expanded.
(etexcmds)             That can mean that you are not using pdfTeX 1.50 or
(etexcmds)             that some package has redefined \expanded.
(etexcmds)             In the latter case, load this package earlier.
)))
Package grfext Info: Graphics extension search list:
(grfext)             [.png,.pdf,.jpg,.mps,.jpeg,.jbig2,.jb2,.PNG,.PDF,.JPG,.JPE
G,.JBIG2,.JB2,.eps]
(grfext)             \AppendGraphicsExtensions on input line 452.

(/usr/share/texlive/texmf-dist/tex/latex/latexconfig/epstopdf-sys.cfg
File: epstopdf-sys.cfg 2010/07/13 v1.3 Configuration of (r)epstopdf for TeX Liv
e
))
LaTeX Font Info:    Try loading font information for U+msa on input line 106.

(/usr/share/texlive/texmf-dist/tex/latex/amsfonts/umsa.fd
File: umsa.fd 2013/01/14 v3.01 AMS symbols A
)
LaTeX Font Info:    Try loading font information for U+msb on input line 106.

(/usr/share/texlive/texmf-dist/tex/latex/amsfonts/umsb.fd
File: umsb.fd 2013/01/14 v3.01 AMS symbols B
)
Overfull \hbox (16.82832pt too wide) in paragraph at lines 134--135
\OT1/cmr/bx/n/9 Keywords:\OT1/cmr/m/n/9 crowdsourcing, on-tol-ogy en-gi-neer-in
g, on-tol-ogy learn-ing, Prot^^Seg^^Se
 []

[1


{/var/lib/texmf/fonts/map/pdftex/updmap/pdftex.map}]
Underfull \vbox (badness 5105) has occurred while \output is active []

 [2]
Overfull \hbox (2.35266pt too wide) in paragraph at lines 156--157
[]\OT1/cmr/m/n/10 We con-duct
 []

Missing character: There is no Ò in font cmr10!
Missing character: There is no Ó in font cmr10!
Missing character: There is no Ò in font cmr10!
Missing character: There is no Ó in font cmr10!

Overfull \hbox (1.62698pt too wide) in paragraph at lines 167--170
\OT1/cmr/m/n/10 zon's Me-chan-i-cal Turk (MTurk) and Crowd-Flower (CF). MTurk a
l-lows re-questers
 []

[3]
Underfull \hbox (badness 10000) in paragraph at lines 239--240

 []

Missing character: There is no Ò in font cmr10!
Missing character: There is no Ó in font cmr10!
Missing character: There is no Ò in font cmr10!
Missing character: There is no Ó in font cmr10!
Missing character: There is no Ò in font cmr10!
Missing character: There is no Ó in font cmr10!
Missing character: There is no Ò in font cmr10!
Missing character: There is no Ó in font cmr10!
Missing character: There is no Ò in font cmr10!
Missing character: There is no Ó in font cmr10!
Missing character: There is no Ò in font cmr10!
Missing character: There is no Ó in font cmr10!
Missing character: There is no Ò in font cmr10!
Missing character: There is no Ó in font cmr10!
Missing character: There is no Ò in font cmr10!
Missing character: There is no Ó in font cmr10!
Missing character: There is no Ò in font cmr10!
Missing character: There is no Ó in font cmr10!
Missing character: There is no Ò in font cmr10!
Missing character: There is no Ó in font cmr10!
Missing character: There is no Ò in font cmr10!
Missing character: There is no Ó in font cmr10!
Missing character: There is no Ò in font cmr10!
Missing character: There is no Ó in font cmr10!
Missing character: There is no Ò in font cmr10!
Missing character: There is no Ó in font cmr10!
Missing character: There is no Ò in font cmr10!
Missing character: There is no Ó in font cmr10!
Missing character: There is no Ò in font cmr10!
Missing character: There is no Ó in font cmr10!
Missing character: There is no Ò in font cmr10!
Missing character: There is no Ó in font cmr10!
Missing character: There is no Õ in font cmr10!

Underfull \vbox (badness 5105) has occurred while \output is active []

 [4]
[5]
Underfull \hbox (badness 10000) in paragraph at lines 248--251

 []


Underfull \hbox (badness 10000) in paragraph at lines 252--257

 []


Underfull \hbox (badness 10000) in paragraph at lines 252--257

 []

Missing character: There is no Ò in font cmr10!
Missing character: There is no Ó in font cmr10!
Missing character: There is no Õ in font cmr10!

Underfull \vbox (badness 5105) has occurred while \output is active []

 [6]
Underfull \hbox (badness 10000) in paragraph at lines 265--266

 []


Overfull \hbox (2.1548pt too wide) in paragraph at lines 270--271
\OT1/cmr/m/n/10 (typ-i-cally rep-re-sent-ing on-tol-ogy con-cepts) and a re-la-
tion be-tween these terms,
 []


Overfull \hbox (3.95201pt too wide) in paragraph at lines 275--276
[]\OT1/cmr/m/n/10 For this task, the crowd-work-ers con-
 []


Underfull \hbox (badness 10000) in paragraph at lines 275--276

 []

[7] <images/process.png, id=37, 926.46124pt x 364.36125pt>
File: images/process.png Graphic file (type png)

<use images/process.png>
Package pdftex.def Info: images/process.png used on input line 289.
(pdftex.def)             Requested size: 926.45897pt x 364.36035pt.
 [8 <./images/process.png>]
Overfull \hbox (2.18195pt too wide) in paragraph at lines 315--317
\OT1/cmr/m/n/10 ogy. All data col-lected by the plu-gin is stored in the on-tol
-ogy in \OT1/cmtt/m/n/10 rdfs:comment
 []

<images/cc_class_new.png, id=44, 642.4pt x 372.39125pt>
File: images/cc_class_new.png Graphic file (type png)

<use images/cc_class_new.png>
Package pdftex.def Info: images/cc_class_new.png used on input line 349.
(pdftex.def)             Requested size: 642.39844pt x 372.39034pt.
 [9]
LaTeX Font Info:    Font shape `OT1/cmtt/bx/n' in size <10> not available
(Font)              Font shape `OT1/cmtt/m/n' tried instead on input line 372.

<images/subclass_val_new.png, id=49, 631.35875pt x 348.30125pt>
File: images/subclass_val_new.png Graphic file (type png)

<use images/subclass_val_new.png>
Package pdftex.def Info: images/subclass_val_new.png used on input line 383.
(pdftex.def)             Requested size: 631.35721pt x 348.3004pt.
 [10 <./images/cc_class_new.png>]
<images/screenshot_indiv.png, id=54, 701.62125pt x 306.14375pt>
File: images/screenshot_indiv.png Graphic file (type png)

<use images/screenshot_indiv.png>
Package pdftex.def Info: images/screenshot_indiv.png used on input line 403.
(pdftex.def)             Requested size: 701.61952pt x 306.14299pt.

<images/sc_rel_sugg.png, id=55, 630.355pt x 416.55624pt>
File: images/sc_rel_sugg.png Graphic file (type png)

<use images/sc_rel_sugg.png>
Package pdftex.def Info: images/sc_rel_sugg.png used on input line 418.
(pdftex.def)             Requested size: 630.35345pt x 416.55522pt.
 [11 <./images/subclass_val_new.png>]
<images/CFdomainRel.png, id=60, 585.18625pt x 284.06125pt>
File: images/CFdomainRel.png Graphic file (type png)

<use images/CFdomainRel.png>
Package pdftex.def Info: images/CFdomainRel.png used on input line 443.
(pdftex.def)             Requested size: 158.0024pt x 76.69756pt.

<images/CFsubclasscheck.png, id=61, 687.56876pt x 287.0725pt>
File: images/CFsubclasscheck.png Graphic file (type png)

<use images/CFsubclasscheck.png>
Package pdftex.def Info: images/CFsubclasscheck.png used on input line 444.
(pdftex.def)             Requested size: 185.64604pt x 77.5106pt.

Overfull \hbox (2.12488pt too wide) in paragraph at lines 442--447
 [][] 
 []

<images/CFinstanceOf.png, id=62, 775.89874pt x 305.14pt>
File: images/CFinstanceOf.png Graphic file (type png)

<use images/CFinstanceOf.png>
Package pdftex.def Info: images/CFinstanceOf.png used on input line 454.
(pdftex.def)             Requested size: 209.49545pt x 82.38889pt.

<images/CFRelationChooice.png, id=63, 752.8125pt x 493.845pt>
File: images/CFRelationChooice.png Graphic file (type png)

<use images/CFRelationChooice.png>
Package pdftex.def Info: images/CFRelationChooice.png used on input line 461.
(pdftex.def)             Requested size: 263.48831pt x 172.84833pt.
 [12 <./images/screenshot_indiv.png>]
Overfull \hbox (11.33882pt too wide) in paragraph at lines 501--528
 [] 
 []

[13 <./images/sc_rel_sugg.png>] [14 <./images/CFdomainRel.png> <./images/CFsubc
lasscheck.png> <./images/CFinstanceOf.png> <./images/CFRelationChooice.png>]
[15]
Overfull \hbox (13.47844pt too wide) in paragraph at lines 550--551
[]
 []


Overfull \hbox (10.08954pt too wide) in paragraph at lines 551--553
[]
 []

[16]
Overfull \hbox (6.64497pt too wide) in paragraph at lines 598--608
 [] 
 []

[17] [18] [19] [20]
Underfull \vbox (badness 1742) has occurred while \output is active []

 [21]
[22] [23]
Underfull \vbox (badness 3826) has occurred while \output is active []

 [24]
[25]
Missing character: There is no Ò in font cmr10!
Missing character: There is no Ó in font cmr10!

Overfull \hbox (6.66377pt too wide) in paragraph at lines 1205--1206
[]\OT1/cmr/m/n/10 Although our first eval-u-a-tion of an anatomy-specific
 []

[26] (./uCompPlugin_v34.bbl [27] [28]) [29] (./uCompPlugin_v34.aux)

LaTeX Warning: There were multiply-defined labels.

 ) 
Here is how much of TeX's memory you used:
 2503 strings out of 495031
 34032 string characters out of 6181531
 109333 words of memory out of 5000000
 5656 multiletter control sequences out of 15000+600000
 11293 words of font info for 44 fonts, out of 8000000 for 9000
 14 hyphenation exceptions out of 8191
 38i,13n,26p,1925b,345s stack positions out of 5000i,500n,10000p,200000b,80000s
</usr/share/texlive/texmf-dist/fonts/type1/public/amsfonts/cm/cmbx10.pfb></us
r/share/texlive/texmf-dist/fonts/type1/public/amsfonts/cm/cmbx12.pfb></usr/shar
e/texlive/texmf-dist/fonts/type1/public/amsfonts/cm/cmbx9.pfb></usr/share/texli
ve/texmf-dist/fonts/type1/public/amsfonts/cm/cmmi10.pfb></usr/share/texlive/tex
mf-dist/fonts/type1/public/amsfonts/cm/cmmi6.pfb></usr/share/texlive/texmf-dist
/fonts/type1/public/amsfonts/cm/cmmi7.pfb></usr/share/texlive/texmf-dist/fonts/
type1/public/amsfonts/cm/cmmi9.pfb></usr/share/texlive/texmf-dist/fonts/type1/p
ublic/amsfonts/cm/cmr10.pfb></usr/share/texlive/texmf-dist/fonts/type1/public/a
msfonts/cm/cmr6.pfb></usr/share/texlive/texmf-dist/fonts/type1/public/amsfonts/
cm/cmr7.pfb></usr/share/texlive/texmf-dist/fonts/type1/public/amsfonts/cm/cmr9.
pfb></usr/share/texlive/texmf-dist/fonts/type1/public/amsfonts/cm/cmsy10.pfb></
usr/share/texlive/texmf-dist/fonts/type1/public/amsfonts/cm/cmti10.pfb></usr/sh
are/texlive/texmf-dist/fonts/type1/public/amsfonts/cm/cmti9.pfb></usr/share/tex
live/texmf-dist/fonts/type1/public/amsfonts/cm/cmtt10.pfb></usr/share/texlive/t
exmf-dist/fonts/type1/public/amsfonts/cm/cmtt9.pfb>
Output written on uCompPlugin_v34.pdf (29 pages, 676064 bytes).
PDF statistics:
 177 PDF objects out of 1000 (max. 8388607)
 114 compressed objects within 2 object streams
 0 named destinations out of 1000 (max. 500000)
 46 words of extra memory for PDF output out of 10000 (max. 10000000)

